mike_1: test
mike_1: test2
mike_1: test3
mike_1: test4
mike_1: test5
mike_1: test6
mike_1: test7
mike_1: test8
mike_1: test9
mike_1: test10
mike_1: test11
mike_1: haha
[PRIVATE] user_2: hjghj
mike_1: love
[PRIVATE] user_2: privet
mike_1: :)
user_2: ^)
user3: privet
user3: lala
user3: fff
user_1: fjnf
user_1: tets
[PRIVATE] malyshka: done
user_1: plus one
user_1: test
user_1: another test
user_1: 1
user_1: 2
user_1: 3
user_1: 4
user_1: 4
user_1: 5
user_1: 6
user_1: 54
user_1: 2
user_1: 634
user_1: 463
user_1: 234
malyshka: fff